<?xml version="1.0" encoding="UTF-8"?>
<!-- Generated by org.testng.reporters.JUnitXMLReporter -->
<testsuite hostname="HYL-777577" ignored="0" name="Test" tests="4" failures="0" timestamp="30 Sep 2021 18:05:08 GMT" time="90.811" errors="0">
  <testcase name="basePageNavigation" time="0.935" classname="academy.HomePage"/>
  <testcase name="basePageNavigation" time="0.779" classname="academy.HomePage"/>
  <testcase name="basePageNavigation" time="0.057" classname="academy.ValidateTitle"/>
  <testcase name="PageNavigationBar" time="0.086" classname="academy.ValidateNavigationBar"/>
</testsuite> <!-- Test -->
