<?xml version="1.0" encoding="UTF-8"?>
<!-- Generated by org.testng.reporters.JUnitXMLReporter -->
<testsuite hostname="HYL-777577" ignored="0" name="Validating Title" tests="1" failures="1" timestamp="03 Oct 2021 07:31:17 GMT" time="20.157" errors="0">
  <testcase name="basePageNavigation" time="0.032" classname="academy.ValidateTitle">
    <failure type="java.lang.AssertionError" message="expected [FEATURED COURSES1] but found [FEATURED COURSES]">
      <![CDATA[java.lang.AssertionError: expected [FEATURED COURSES1] but found [FEATURED COURSES]
at academy.ValidateTitle.basePageNavigation(ValidateTitle.java:40)
at java.util.concurrent.FutureTask.run(Unknown Source)
at java.util.concurrent.ThreadPoolExecutor.runWorker(Unknown Source)
at java.util.concurrent.ThreadPoolExecutor$Worker.run(Unknown Source)
at java.lang.Thread.run(Unknown Source)
... Removed 22 stack frames]]>
    </failure>
  </testcase> <!-- basePageNavigation -->
</testsuite> <!-- Validating Title -->
